<?xml version="1.0" encoding="UTF-8"?>
<testsuite name="org.douggschwind.games.chess.SquareTest" tests="1" skipped="0" failures="0" errors="0" timestamp="2022-12-16T10:09:05" hostname="PC210-16" time="0.002">
  <properties/>
  <testcase name="testEqualsAndHashcode" classname="org.douggschwind.games.chess.SquareTest" time="0.002"/>
  <system-out><![CDATA[]]></system-out>
  <system-err><![CDATA[]]></system-err>
</testsuite>
