<?xml version="1.0" encoding="UTF-8"?>
<testsuite name="org.douggschwind.games.boardgames.monopoly.PlayerTest" tests="6" skipped="0" failures="0" errors="0" timestamp="2022-12-16T10:09:05" hostname="PC210-16" time="0.082">
  <properties/>
  <testcase name="testReceivePayment" classname="org.douggschwind.games.boardgames.monopoly.PlayerTest" time="0.02"/>
  <testcase name="testAcceptOwnership" classname="org.douggschwind.games.boardgames.monopoly.PlayerTest" time="0.055"/>
  <testcase name="testInitialBankAccountBalance" classname="org.douggschwind.games.boardgames.monopoly.PlayerTest" time="0.001"/>
  <testcase name="testCanPayBillWithCash" classname="org.douggschwind.games.boardgames.monopoly.PlayerTest" time="0.0"/>
  <testcase name="testMakePayment" classname="org.douggschwind.games.boardgames.monopoly.PlayerTest" time="0.0"/>
  <testcase name="testRollDice" classname="org.douggschwind.games.boardgames.monopoly.PlayerTest" time="0.006"/>
  <system-out><![CDATA[]]></system-out>
  <system-err><![CDATA[]]></system-err>
</testsuite>
