<?xml version="1.0" encoding="UTF-8"?>
<testsuite name="org.douggschwind.games.cardgames.common.DeckFactoryTest" tests="2" skipped="0" failures="0" errors="0" timestamp="2022-12-16T10:09:05" hostname="PC210-16" time="0.011">
  <properties/>
  <testcase name="testStandardDeck" classname="org.douggschwind.games.cardgames.common.DeckFactoryTest" time="0.01"/>
  <testcase name="testEuchreDeck" classname="org.douggschwind.games.cardgames.common.DeckFactoryTest" time="0.001"/>
  <system-out><![CDATA[]]></system-out>
  <system-err><![CDATA[]]></system-err>
</testsuite>
