<?xml version="1.0" encoding="UTF-8"?>
<testsuite name="org.douggschwind.games.boardgames.monopoly.actioncard.DeckFactoryTest" tests="2" skipped="0" failures="0" errors="0" timestamp="2022-12-16T10:09:05" hostname="PC210-16" time="0.052">
  <properties/>
  <testcase name="testChanceDeck" classname="org.douggschwind.games.boardgames.monopoly.actioncard.DeckFactoryTest" time="0.048"/>
  <testcase name="testCommunityChestDeck" classname="org.douggschwind.games.boardgames.monopoly.actioncard.DeckFactoryTest" time="0.004"/>
  <system-out><![CDATA[]]></system-out>
  <system-err><![CDATA[]]></system-err>
</testsuite>
