<?xml version="1.0" encoding="UTF-8"?>
<testsuite name="org.douggschwind.games.dicegames.boggle.BoardLocationsVisitedTest" tests="1" skipped="0" failures="0" errors="0" timestamp="2022-12-16T10:09:05" hostname="PC210-16" time="0.003">
  <properties/>
  <testcase name="testClone" classname="org.douggschwind.games.dicegames.boggle.BoardLocationsVisitedTest" time="0.003"/>
  <system-out><![CDATA[]]></system-out>
  <system-err><![CDATA[]]></system-err>
</testsuite>
